<?xml version="1.0" encoding="UTF-8"?>
<!-- Generated by org.testng.reporters.JUnitReportReporter -->
<testsuite hostname="DESKTOP-K7FOI5C" failures="0" tests="2" name="Runner.CucumberRunnerTests" time="44.428" errors="0" timestamp="2023-04-08T14:37:57 IST" skipped="0">
  <testcase classname="Runner.CucumberRunnerTests" name="runScenario" time="20.910"/>
  <system-out/>
  <testcase classname="Runner.CucumberRunnerTests" name="runScenario" time="23.518"/>
  <system-out/>
</testsuite> <!-- Runner.CucumberRunnerTests -->
